d:\gdrive\github\collector\zipper\minizip\release2\sha1.obj
d:\gdrive\github\collector\zipper\minizip\release2\pwd2key.obj
d:\gdrive\github\collector\zipper\minizip\release2\prng.obj
d:\gdrive\github\collector\zipper\minizip\release2\hmac.obj
d:\gdrive\github\collector\zipper\minizip\release2\fileenc.obj
d:\gdrive\github\collector\zipper\minizip\release2\entropy.obj
d:\gdrive\github\collector\zipper\minizip\release2\aestab.obj
d:\gdrive\github\collector\zipper\minizip\release2\aeskey.obj
d:\gdrive\github\collector\zipper\minizip\release2\aescrypt.obj
d:\gdrive\github\collector\zipper\minizip\release2\zutil.obj
d:\gdrive\github\collector\zipper\minizip\release2\uncompr.obj
d:\gdrive\github\collector\zipper\minizip\release2\trees.obj
d:\gdrive\github\collector\zipper\minizip\release2\inftrees.obj
d:\gdrive\github\collector\zipper\minizip\release2\inflate.obj
d:\gdrive\github\collector\zipper\minizip\release2\inffast.obj
d:\gdrive\github\collector\zipper\minizip\release2\infback.obj
d:\gdrive\github\collector\zipper\minizip\release2\deflate.obj
d:\gdrive\github\collector\zipper\minizip\release2\crc32.obj
d:\gdrive\github\collector\zipper\minizip\release2\compress.obj
d:\gdrive\github\collector\zipper\minizip\release2\adler32.obj
d:\gdrive\github\collector\zipper\minizip\release2\zip.obj
d:\gdrive\github\collector\zipper\minizip\release2\minizip.obj
d:\gdrive\github\collector\zipper\minizip\release2\iowin32.obj
d:\gdrive\github\collector\zipper\minizip\release2\ioapi.obj
d:\gdrive\github\collector\zipper\minizip\release2\vc142.pdb
d:\gdrive\github\collector\zipper\release2\minizip.exe
d:\gdrive\github\collector\zipper\minizip\release2\minizip.ipdb
d:\gdrive\github\collector\zipper\minizip\release2\minizip.iobj
d:\gdrive\github\collector\zipper\release2\minizip.pdb
d:\gdrive\github\collector\zipper\minizip\release2\minizip.tlog\cl.command.1.tlog
d:\gdrive\github\collector\zipper\minizip\release2\minizip.tlog\cl.read.1.tlog
d:\gdrive\github\collector\zipper\minizip\release2\minizip.tlog\cl.write.1.tlog
d:\gdrive\github\collector\zipper\minizip\release2\minizip.tlog\link.command.1.tlog
d:\gdrive\github\collector\zipper\minizip\release2\minizip.tlog\link.read.1.tlog
d:\gdrive\github\collector\zipper\minizip\release2\minizip.tlog\link.write.1.tlog
