d:\zipper\build\staticzipper.dir\minsizerel\zipper.obj
d:\zipper\build\staticzipper.dir\minsizerel\unzipper.obj
d:\zipper\build\staticzipper.dir\minsizerel\tools.obj
d:\zipper\build\staticzipper.dir\minsizerel\cdirentry.obj
d:\zipper\build\staticzipper.dir\minsizerel\zip.obj
d:\zipper\build\staticzipper.dir\minsizerel\unzip.obj
d:\zipper\build\staticzipper.dir\minsizerel\iowin32.obj
d:\zipper\build\staticzipper.dir\minsizerel\ioapi_mem.obj
d:\zipper\build\staticzipper.dir\minsizerel\ioapi_buf.obj
d:\zipper\build\staticzipper.dir\minsizerel\ioapi.obj
d:\zipper\build\staticzipper.dir\minsizerel\sha1.obj
d:\zipper\build\staticzipper.dir\minsizerel\pwd2key.obj
d:\zipper\build\staticzipper.dir\minsizerel\prng.obj
d:\zipper\build\staticzipper.dir\minsizerel\hmac.obj
d:\zipper\build\staticzipper.dir\minsizerel\fileenc.obj
d:\zipper\build\staticzipper.dir\minsizerel\entropy.obj
d:\zipper\build\staticzipper.dir\minsizerel\aestab.obj
d:\zipper\build\staticzipper.dir\minsizerel\aeskey.obj
d:\zipper\build\staticzipper.dir\minsizerel\aescrypt.obj
d:\zipper\build\cmakefiles\generate.stamp
d:\zipper\build\minsizerel\staticzipper.lib
d:\zipper\build\staticzipper.dir\minsizerel\staticzipper.tlog\cl.command.1.tlog
d:\zipper\build\staticzipper.dir\minsizerel\staticzipper.tlog\cl.read.1.tlog
d:\zipper\build\staticzipper.dir\minsizerel\staticzipper.tlog\cl.write.1.tlog
d:\zipper\build\staticzipper.dir\minsizerel\staticzipper.tlog\custombuild.command.1.tlog
d:\zipper\build\staticzipper.dir\minsizerel\staticzipper.tlog\custombuild.read.1.tlog
d:\zipper\build\staticzipper.dir\minsizerel\staticzipper.tlog\custombuild.write.1.tlog
d:\zipper\build\staticzipper.dir\minsizerel\staticzipper.tlog\lib-link.read.1.tlog
d:\zipper\build\staticzipper.dir\minsizerel\staticzipper.tlog\lib-link.write.1.tlog
d:\zipper\build\staticzipper.dir\minsizerel\staticzipper.tlog\lib.command.1.tlog
