The system is: Windows - 10.0.19042 - AMD64
Compiling the C compiler identification source file "CMakeCCompilerId.c" succeeded.
Compiler: D:/Visual Studio/VC/Tools/MSVC/14.28.29910/bin/Hostx64/x64/cl.exe 
Build flags: 
Id flags:  

The output was:
0
Optimalizující kompilátor C/C++ společnosti Microsoft (R) verze 19.28.29913 pro procesory x64
Copyright (C) Microsoft Corporation. Všechna práva vyhrazena.

CMakeCCompilerId.c
Microsoft (R) Incremental Linker Version 14.28.29913.0
Copyright (C) Microsoft Corporation.  All rights reserved.

/out:CMakeCCompilerId.exe 
CMakeCCompilerId.obj 


Compilation of the C compiler identification source "CMakeCCompilerId.c" produced "CMakeCCompilerId.exe"

Compilation of the C compiler identification source "CMakeCCompilerId.c" produced "CMakeCCompilerId.obj"

The C compiler identification is MSVC, found in "D:/gdrive/github/collector/zipper/out/build/x64-Debug/CMakeFiles/3.19.20122902-MSVC_2/CompilerIdC/CMakeCCompilerId.exe"

Compiling the CXX compiler identification source file "CMakeCXXCompilerId.cpp" succeeded.
Compiler: D:/Visual Studio/VC/Tools/MSVC/14.28.29910/bin/Hostx64/x64/cl.exe 
Build flags: 
Id flags:  

The output was:
0
Optimalizující kompilátor C/C++ společnosti Microsoft (R) verze 19.28.29913 pro procesory x64
Copyright (C) Microsoft Corporation. Všechna práva vyhrazena.

CMakeCXXCompilerId.cpp
Microsoft (R) Incremental Linker Version 14.28.29913.0
Copyright (C) Microsoft Corporation.  All rights reserved.

/out:CMakeCXXCompilerId.exe 
CMakeCXXCompilerId.obj 


Compilation of the CXX compiler identification source "CMakeCXXCompilerId.cpp" produced "CMakeCXXCompilerId.exe"

Compilation of the CXX compiler identification source "CMakeCXXCompilerId.cpp" produced "CMakeCXXCompilerId.obj"

The CXX compiler identification is MSVC, found in "D:/gdrive/github/collector/zipper/out/build/x64-Debug/CMakeFiles/3.19.20122902-MSVC_2/CompilerIdCXX/CMakeCXXCompilerId.exe"

Detecting C compiler ABI info compiled with the following output:
Change Dir: D:/gdrive/github/collector/zipper/out/build/x64-Debug/CMakeFiles/CMakeTmp

Run Build Command(s):D:/Visual Studio/Common7/IDE/CommonExtensions/Microsoft/CMake/Ninja/ninja.exe cmTC_befee && [1/2] Building C object CMakeFiles\cmTC_befee.dir\CMakeCCompilerABI.c.obj
[2/2] Linking C executable cmTC_befee.exe



Detecting CXX compiler ABI info compiled with the following output:
Change Dir: D:/gdrive/github/collector/zipper/out/build/x64-Debug/CMakeFiles/CMakeTmp

Run Build Command(s):D:/Visual Studio/Common7/IDE/CommonExtensions/Microsoft/CMake/Ninja/ninja.exe cmTC_9ef30 && [1/2] Building CXX object CMakeFiles\cmTC_9ef30.dir\CMakeCXXCompilerABI.cpp.obj
[2/2] Linking CXX executable cmTC_9ef30.exe



