     Site: BARUSKA
     Build name: Win32-MSBuild
  Determine Nightly Start Time
     Specified time: 00:00:00 EDT
  Create new tag: 20210327-0400 - Nightly
     Updating the repository: D:/zipper
     Use GIT repository type
     Old revision of repository is: 155e17347b64f7182985a2772ebb179184e4f518
     New revision of repository is: 155e17347b64f7182985a2772ebb179184e4f518
     Gathering version information (one . per revision):
      
     Found 1 locally modified files
     There are modified or conflicting files in the repository
  Configure project
     Each . represents 1024 bytes of output
      .. Size of output: 1K
  Build project
     Each symbol represents 1024 bytes of output.
     '!' represents an error and '*' a warning.
      . Size of output: 0K
     0 Compiler errors
     0 Compiler warnings
  Test project D:/zipper/build
  Performing coverage
   Cannot find any coverage files. Ignoring Coverage request.
  Submit files
     SubmitURL: http://
     Submit failed, waiting 5 seconds...
     Retry submission: Attempt 1 of 3
     Submit failed, waiting 5 seconds...
     Retry submission: Attempt 2 of 3
     Submit failed, waiting 5 seconds...
     Retry submission: Attempt 3 of 3
     Error when uploading file: D:/zipper/build/Testing/20210327-0400/Update.xml
     Error message was: 
     Problems when submitting via HTTP
  Errors while running CTest
D:\Visual Studio\MSBuild\Microsoft\VC\v160\Microsoft.CppCommon.targets(238,5): error MSB8066: Custom build for 'D:\zipper\build\CMakeFiles\cf24d8040c49e5a4ed4d10bbb43c25e3\Nightly.rule' exited with code 72.
