d:\zipper\build\zipper-static.dir\debug\zipper.obj
d:\zipper\build\zipper-static.dir\debug\unzipper.obj
d:\zipper\build\zipper-static.dir\debug\tools.obj
d:\zipper\build\zipper-static.dir\debug\cdirentry.obj
d:\zipper\build\zipper-static.dir\debug\zip.obj
d:\zipper\build\zipper-static.dir\debug\unzip.obj
d:\zipper\build\zipper-static.dir\debug\iowin32.obj
d:\zipper\build\zipper-static.dir\debug\ioapi_mem.obj
d:\zipper\build\zipper-static.dir\debug\ioapi_buf.obj
d:\zipper\build\zipper-static.dir\debug\ioapi.obj
d:\zipper\build\zipper-static.dir\debug\sha1.obj
d:\zipper\build\zipper-static.dir\debug\pwd2key.obj
d:\zipper\build\zipper-static.dir\debug\prng.obj
d:\zipper\build\zipper-static.dir\debug\hmac.obj
d:\zipper\build\zipper-static.dir\debug\fileenc.obj
d:\zipper\build\zipper-static.dir\debug\entropy.obj
d:\zipper\build\zipper-static.dir\debug\aestab.obj
d:\zipper\build\zipper-static.dir\debug\aeskey.obj
d:\zipper\build\zipper-static.dir\debug\aescrypt.obj
d:\zipper\build\cmakefiles\generate.stamp
d:\zipper\build\debug\zipper-staticd.lib
d:\zipper\build\zipper-static.dir\debug\zipper-static.tlog\cl.command.1.tlog
d:\zipper\build\zipper-static.dir\debug\zipper-static.tlog\cl.read.1.tlog
d:\zipper\build\zipper-static.dir\debug\zipper-static.tlog\cl.write.1.tlog
d:\zipper\build\zipper-static.dir\debug\zipper-static.tlog\custombuild.command.1.tlog
d:\zipper\build\zipper-static.dir\debug\zipper-static.tlog\custombuild.read.1.tlog
d:\zipper\build\zipper-static.dir\debug\zipper-static.tlog\custombuild.write.1.tlog
d:\zipper\build\zipper-static.dir\debug\zipper-static.tlog\lib-link.read.1.tlog
d:\zipper\build\zipper-static.dir\debug\zipper-static.tlog\lib-link.write.1.tlog
d:\zipper\build\zipper-static.dir\debug\zipper-static.tlog\lib.command.1.tlog
