The system is: Windows - 10.0.19042 - AMD64
Compiling the C compiler identification source file "CMakeCCompilerId.c" succeeded.
Compiler:  
Build flags: 
Id flags:  

The output was:
0
Microsoft (R) Build Engine verze 16.8.3+39993bd9d pro .NET Framework
Copyright (C) Microsoft Corporation. Vçechna pr va vyhrazena.

Vytv ýenˇ sestavenˇ bylo zah jeno 27.03.2021 14:26:22.
Projekt D:\zipper\build\CMakeFiles\3.19.0-rc1\CompilerIdC\CompilerIdC.vcxproj v uzlu 1 (věchozˇ cˇle).
PrepareForBuild:
  Probˇh  vytv ýenˇ adres ýe Debug\.
  Probˇh  vytv ýenˇ adres ýe Debug\CompilerIdC.tlog\.
InitializeBuildStatus:
  Probˇh  vytv ýenˇ souboru Debug\CompilerIdC.tlog\unsuccessfulbuild v d…sledku zad nˇ AlwaysCreate.
ClCompile:
  D:\Visual Studio\VC\Tools\MSVC\14.28.29333\bin\HostX64\x86\CL.exe /c /nologo /W0 /WX- /diagnostics:column /Od /Oy- /D _MBCS /Gm- /EHsc /RTC1 /MDd /GS /fp:precise /Zc:wchar_t /Zc:forScope /Zc:inline /Fo"Debug\\" /Fd"Debug\vc142.pdb" /Gd /TC /analyze- /FC /errorReport:queue CMakeCCompilerId.c
  CMakeCCompilerId.c
Link:
  D:\Visual Studio\VC\Tools\MSVC\14.28.29333\bin\HostX64\x86\link.exe /ERRORREPORT:QUEUE /OUT:".\CompilerIdC.exe" /INCREMENTAL:NO /NOLOGO kernel32.lib user32.lib gdi32.lib winspool.lib comdlg32.lib advapi32.lib shell32.lib ole32.lib oleaut32.lib uuid.lib odbc32.lib odbccp32.lib /MANIFEST /MANIFESTUAC:"level='asInvoker' uiAccess='false'" /manifest:embed /PDB:".\CompilerIdC.pdb" /SUBSYSTEM:CONSOLE /TLBID:1 /DYNAMICBASE /NXCOMPAT /IMPLIB:".\CompilerIdC.lib" /MACHINE:X86 /SAFESEH Debug\CMakeCCompilerId.obj
  CompilerIdC.vcxproj -> D:\zipper\build\CMakeFiles\3.19.0-rc1\CompilerIdC\CompilerIdC.exe
PostBuildEvent:
  for %%i in (cl.exe) do @echo CMAKE_C_COMPILER=%%~$PATH:i
  :VCEnd
  CMAKE_C_COMPILER=D:\Visual Studio\VC\Tools\MSVC\14.28.29333\bin\Hostx64\x86\cl.exe
FinalizeBuildStatus:
  Probˇh  odstraĺov nˇ souboru Debug\CompilerIdC.tlog\unsuccessfulbuild.
  Probˇh  aktualizace źasov‚ho razˇtka pro Debug\CompilerIdC.tlog\CompilerIdC.lastbuildstate.
Sestavenˇ projektu D:\zipper\build\CMakeFiles\3.19.0-rc1\CompilerIdC\CompilerIdC.vcxproj (s věchozˇmi cˇli) bylo dokonźeno.

Vytv ýenˇ sestavenˇ bylo ŁspŘçnŘ dokonźeno.
    0 upozornŘnˇ
    Poźet chyb: 0

Uplynulě źas 00:00:01.97


Compilation of the C compiler identification source "CMakeCCompilerId.c" produced "CompilerIdC.exe"

Compilation of the C compiler identification source "CMakeCCompilerId.c" produced "CompilerIdC.vcxproj"

The C compiler identification is MSVC, found in "D:/zipper/build/CMakeFiles/3.19.0-rc1/CompilerIdC/CompilerIdC.exe"

Compiling the CXX compiler identification source file "CMakeCXXCompilerId.cpp" succeeded.
Compiler:  
Build flags: 
Id flags:  

The output was:
0
Microsoft (R) Build Engine verze 16.8.3+39993bd9d pro .NET Framework
Copyright (C) Microsoft Corporation. Vçechna pr va vyhrazena.

Vytv ýenˇ sestavenˇ bylo zah jeno 27.03.2021 14:26:24.
Projekt D:\zipper\build\CMakeFiles\3.19.0-rc1\CompilerIdCXX\CompilerIdCXX.vcxproj v uzlu 1 (věchozˇ cˇle).
PrepareForBuild:
  Probˇh  vytv ýenˇ adres ýe Debug\.
  Probˇh  vytv ýenˇ adres ýe Debug\CompilerIdCXX.tlog\.
InitializeBuildStatus:
  Probˇh  vytv ýenˇ souboru Debug\CompilerIdCXX.tlog\unsuccessfulbuild v d…sledku zad nˇ AlwaysCreate.
ClCompile:
  D:\Visual Studio\VC\Tools\MSVC\14.28.29333\bin\HostX64\x86\CL.exe /c /nologo /W0 /WX- /diagnostics:column /Od /Oy- /D _MBCS /Gm- /EHsc /RTC1 /MDd /GS /fp:precise /Zc:wchar_t /Zc:forScope /Zc:inline /Fo"Debug\\" /Fd"Debug\vc142.pdb" /Gd /TP /analyze- /FC /errorReport:queue CMakeCXXCompilerId.cpp
  CMakeCXXCompilerId.cpp
Link:
  D:\Visual Studio\VC\Tools\MSVC\14.28.29333\bin\HostX64\x86\link.exe /ERRORREPORT:QUEUE /OUT:".\CompilerIdCXX.exe" /INCREMENTAL:NO /NOLOGO kernel32.lib user32.lib gdi32.lib winspool.lib comdlg32.lib advapi32.lib shell32.lib ole32.lib oleaut32.lib uuid.lib odbc32.lib odbccp32.lib /MANIFEST /MANIFESTUAC:"level='asInvoker' uiAccess='false'" /manifest:embed /PDB:".\CompilerIdCXX.pdb" /SUBSYSTEM:CONSOLE /TLBID:1 /DYNAMICBASE /NXCOMPAT /IMPLIB:".\CompilerIdCXX.lib" /MACHINE:X86 /SAFESEH Debug\CMakeCXXCompilerId.obj
  CompilerIdCXX.vcxproj -> D:\zipper\build\CMakeFiles\3.19.0-rc1\CompilerIdCXX\CompilerIdCXX.exe
PostBuildEvent:
  for %%i in (cl.exe) do @echo CMAKE_CXX_COMPILER=%%~$PATH:i
  :VCEnd
  CMAKE_CXX_COMPILER=D:\Visual Studio\VC\Tools\MSVC\14.28.29333\bin\Hostx64\x86\cl.exe
FinalizeBuildStatus:
  Probˇh  odstraĺov nˇ souboru Debug\CompilerIdCXX.tlog\unsuccessfulbuild.
  Probˇh  aktualizace źasov‚ho razˇtka pro Debug\CompilerIdCXX.tlog\CompilerIdCXX.lastbuildstate.
Sestavenˇ projektu D:\zipper\build\CMakeFiles\3.19.0-rc1\CompilerIdCXX\CompilerIdCXX.vcxproj (s věchozˇmi cˇli) bylo dokonźeno.

Vytv ýenˇ sestavenˇ bylo ŁspŘçnŘ dokonźeno.
    0 upozornŘnˇ
    Poźet chyb: 0

Uplynulě źas 00:00:01.32


Compilation of the CXX compiler identification source "CMakeCXXCompilerId.cpp" produced "CompilerIdCXX.exe"

Compilation of the CXX compiler identification source "CMakeCXXCompilerId.cpp" produced "CompilerIdCXX.vcxproj"

The CXX compiler identification is MSVC, found in "D:/zipper/build/CMakeFiles/3.19.0-rc1/CompilerIdCXX/CompilerIdCXX.exe"

Detecting C compiler ABI info compiled with the following output:
Change Dir: D:/zipper/build/CMakeFiles/CMakeTmp

Run Build Command(s):D:/Visual Studio/MSBuild/Current/Bin/MSBuild.exe cmTC_12304.vcxproj /p:Configuration=Debug /p:Platform=Win32 /p:VisualStudioVersion=16.0 /v:m && Microsoft (R) Build Engine verze 16.8.3+39993bd9d pro .NET Framework
Copyright (C) Microsoft Corporation. Vçechna pr va vyhrazena.

  Optimalizujˇcˇ kompil tor C/C++ spoleźnosti Microsoft (R) verze 19.28.29337 pro procesory x86
  Copyright (C) Microsoft Corporation. Vçechna pr va vyhrazena.
  CMakeCCompilerABI.c
  cl /c /Zi /W3 /WX- /diagnostics:column /Od /Ob0 /Oy- /D WIN32 /D _WINDOWS /D "CMAKE_INTDIR=\"Debug\"" /D _MBCS /Gm- /RTC1 /MDd /GS /fp:precise /Zc:wchar_t /Zc:forScope /Zc:inline /Fo"cmTC_12304.dir\Debug\\" /Fd"cmTC_12304.dir\Debug\vc142.pdb" /Gd /TC /analyze- /errorReport:queue "C:\Program Files (x86)\CMake\share\cmake-3.19\Modules\CMakeCCompilerABI.c"
  cmTC_12304.vcxproj -> D:\zipper\build\CMakeFiles\CMakeTmp\Debug\cmTC_12304.exe



Detecting CXX compiler ABI info compiled with the following output:
Change Dir: D:/zipper/build/CMakeFiles/CMakeTmp

Run Build Command(s):D:/Visual Studio/MSBuild/Current/Bin/MSBuild.exe cmTC_4f978.vcxproj /p:Configuration=Debug /p:Platform=Win32 /p:VisualStudioVersion=16.0 /v:m && Microsoft (R) Build Engine verze 16.8.3+39993bd9d pro .NET Framework
Copyright (C) Microsoft Corporation. Vçechna pr va vyhrazena.

  Optimalizujˇcˇ kompil tor C/C++ spoleźnosti Microsoft (R) verze 19.28.29337 pro procesory x86
  Copyright (C) Microsoft Corporation. Vçechna pr va vyhrazena.
  CMakeCXXCompilerABI.cpp
  cl /c /Zi /W3 /WX- /diagnostics:column /Od /Ob0 /Oy- /D WIN32 /D _WINDOWS /D "CMAKE_INTDIR=\"Debug\"" /D _MBCS /Gm- /EHsc /RTC1 /MDd /GS /fp:precise /Zc:wchar_t /Zc:forScope /Zc:inline /GR /Fo"cmTC_4f978.dir\Debug\\" /Fd"cmTC_4f978.dir\Debug\vc142.pdb" /Gd /TP /analyze- /errorReport:queue "C:\Program Files (x86)\CMake\share\cmake-3.19\Modules\CMakeCXXCompilerABI.cpp"
  cmTC_4f978.vcxproj -> D:\zipper\build\CMakeFiles\CMakeTmp\Debug\cmTC_4f978.exe



